<?xml version="1.0" encoding="UTF-8"?>
<!-- Generated by org.testng.reporters.JUnitXMLReporter -->
<testsuite ignored="0" hostname="COLLABPH1003073" failures="0" tests="6" name="Default test" time="8.647" errors="0" timestamp="2024-03-05T08:37:33 SGT">
  <testcase classname="api.test.DDTests" name="testPostUser" time="2.191"/>
  <testcase classname="api.test.DDTests" name="testPostUser" time="1.091"/>
  <testcase classname="api.test.DDTests" name="testPostUser" time="1.186"/>
  <testcase classname="api.test.DDTests" name="testDeleteUserByName" time="1.103"/>
  <testcase classname="api.test.DDTests" name="testDeleteUserByName" time="1.076"/>
  <testcase classname="api.test.DDTests" name="testDeleteUserByName" time="1.073"/>
</testsuite> <!-- Default test -->
