<?xml version="1.0" encoding="UTF-8"?>
<testng-results ignored="0" total="4" passed="4" failed="0" skipped="0">
  <reporter-output>
  </reporter-output>
  <suite started-at="2024-03-06T06:31:11 SGT" name="PetStoreSuite" finished-at="2024-03-06T06:31:18 SGT" duration-ms="7214">
    <groups>
    </groups>
    <test started-at="2024-03-06T06:31:11 SGT" name="PetStoreTests" finished-at="2024-03-06T06:31:18 SGT" duration-ms="7214">
      <class name="api.test.UserTests2">
        <test-method is-config="true" signature="setupData()[pri:0, instance:api.test.UserTests2@20ce78ec]" started-at="2024-03-06T06:31:11 SGT" name="setupData" finished-at="2024-03-06T06:31:11 SGT" duration-ms="433" status="PASS">
          <reporter-output>
          </reporter-output>
        </test-method> <!-- setupData -->
        <test-method signature="testPostUser()[pri:1, instance:api.test.UserTests2@20ce78ec]" started-at="2024-03-06T06:31:11 SGT" name="testPostUser" finished-at="2024-03-06T06:31:14 SGT" duration-ms="2246" status="PASS">
          <reporter-output>
          </reporter-output>
        </test-method> <!-- testPostUser -->
        <test-method signature="testGetUserByName()[pri:2, instance:api.test.UserTests2@20ce78ec]" started-at="2024-03-06T06:31:14 SGT" name="testGetUserByName" finished-at="2024-03-06T06:31:15 SGT" duration-ms="1094" status="PASS">
          <reporter-output>
          </reporter-output>
        </test-method> <!-- testGetUserByName -->
        <test-method signature="testUpdateUserByName()[pri:3, instance:api.test.UserTests2@20ce78ec]" started-at="2024-03-06T06:31:15 SGT" name="testUpdateUserByName" finished-at="2024-03-06T06:31:17 SGT" duration-ms="2195" status="PASS">
          <reporter-output>
          </reporter-output>
        </test-method> <!-- testUpdateUserByName -->
        <test-method signature="testDeleteUserByName()[pri:4, instance:api.test.UserTests2@20ce78ec]" started-at="2024-03-06T06:31:17 SGT" name="testDeleteUserByName" finished-at="2024-03-06T06:31:18 SGT" duration-ms="1085" status="PASS">
          <reporter-output>
          </reporter-output>
        </test-method> <!-- testDeleteUserByName -->
      </class> <!-- api.test.UserTests2 -->
    </test> <!-- PetStoreTests -->
  </suite> <!-- PetStoreSuite -->
</testng-results>
